<?xml version="1.0" encoding="UTF-8"?>
<testng-results ignored="0" total="1" passed="1" failed="0" skipped="0">
  <reporter-output>
  </reporter-output>
  <suite started-at="2024-11-21T11:45:56 CET" name="Default suite" finished-at="2024-11-21T11:45:57 CET" duration-ms="346">
    <groups>
      <group name="cucumber">
        <method signature="AbstractTestNGCucumberTests.runScenario(io.cucumber.testng.PickleWrapper,io.cucumber.testng.FeatureWrapper)[pri:0, instance:RunDressTest@2a8448fa]" name="runScenario" class="io.cucumber.testng.AbstractTestNGCucumberTests"/>
      </group> <!-- cucumber -->
    </groups>
    <test started-at="2024-11-21T11:45:56 CET" name="Default test" finished-at="2024-11-21T11:45:57 CET" duration-ms="346">
      <class name="RunDressTest">
        <test-method is-config="true" signature="setUpClass(org.testng.ITestContext)[pri:0, instance:RunDressTest@2a8448fa]" started-at="2024-11-21T11:45:56 CET" name="setUpClass" finished-at="2024-11-21T11:45:57 CET" duration-ms="195" status="PASS">
          <params>
            <param index="0">
              <value>
                <![CDATA[org.testng.TestRunner@18f20260]]>
              </value>
            </param>
          </params>
          <reporter-output>
          </reporter-output>
        </test-method> <!-- setUpClass -->
        <test-method signature="runScenario(io.cucumber.testng.PickleWrapper,io.cucumber.testng.FeatureWrapper)[pri:0, instance:RunDressTest@2a8448fa]" started-at="2024-11-21T11:45:57 CET" name="runScenario" description="Runs Cucumber Scenarios" data-provider="scenarios" finished-at="2024-11-21T11:45:57 CET" duration-ms="104" status="PASS">
          <params>
            <param index="0">
              <value>
                <![CDATA["Show Women Dress"]]>
              </value>
            </param>
            <param index="1">
              <value>
                <![CDATA["WomenDress"]]>
              </value>
            </param>
          </params>
          <reporter-output>
          </reporter-output>
        </test-method> <!-- runScenario -->
        <test-method is-config="true" signature="tearDownClass()[pri:0, instance:RunDressTest@2a8448fa]" started-at="2024-11-21T11:45:57 CET" name="tearDownClass" finished-at="2024-11-21T11:45:57 CET" duration-ms="3" status="PASS">
          <reporter-output>
          </reporter-output>
        </test-method> <!-- tearDownClass -->
      </class> <!-- RunDressTest -->
    </test> <!-- Default test -->
  </suite> <!-- Default suite -->
</testng-results>
